[2021-05-25T14:53:42.687] [DEBUG] cheese - login => username:admin,password:123456
[2021-05-25T14:53:42.688] [DEBUG] cheese - admin
[2021-05-25T14:53:42.703] [DEBUG] cheese - null
[2021-05-25T14:53:42.703] [DEBUG] cheese - null
[2023-03-19T16:16:45.490] [DEBUG] cheese - login => username:admin,password:123456
[2023-03-19T16:16:45.491] [DEBUG] cheese - admin
[2023-03-19T16:16:45.505] [DEBUG] cheese - null
[2023-03-19T16:16:45.506] [DEBUG] cheese - null
[2023-03-19T16:16:49.526] [DEBUG] cheese - login => username:admin,password:123456
[2023-03-19T16:16:49.527] [DEBUG] cheese - admin
[2023-03-19T16:16:49.531] [DEBUG] cheese - null
[2023-03-19T16:16:49.531] [DEBUG] cheese - null
[2023-03-19T16:16:50.224] [DEBUG] cheese - login => username:admin,password:123456
[2023-03-19T16:16:50.224] [DEBUG] cheese - admin
[2023-03-19T16:16:50.227] [DEBUG] cheese - null
[2023-03-19T16:16:50.228] [DEBUG] cheese - null
[2023-03-19T16:16:50.817] [DEBUG] cheese - login => username:admin,password:123456
[2023-03-19T16:16:50.817] [DEBUG] cheese - admin
[2023-03-19T16:16:50.819] [DEBUG] cheese - null
[2023-03-19T16:16:50.820] [DEBUG] cheese - null
[2023-03-19T16:16:51.335] [DEBUG] cheese - login => username:admin,password:123456
[2023-03-19T16:16:51.335] [DEBUG] cheese - admin
[2023-03-19T16:16:51.338] [DEBUG] cheese - null
[2023-03-19T16:16:51.338] [DEBUG] cheese - null
[2023-03-19T16:16:51.893] [DEBUG] cheese - login => username:admin,password:123456
[2023-03-19T16:16:51.893] [DEBUG] cheese - admin
[2023-03-19T16:16:51.896] [DEBUG] cheese - null
[2023-03-19T16:16:51.896] [DEBUG] cheese - null
[2023-03-19T16:16:52.440] [DEBUG] cheese - login => username:admin,password:123456
[2023-03-19T16:16:52.440] [DEBUG] cheese - admin
[2023-03-19T16:16:52.443] [DEBUG] cheese - null
[2023-03-19T16:16:52.443] [DEBUG] cheese - null
[2023-03-19T16:16:52.986] [DEBUG] cheese - login => username:admin,password:123456
[2023-03-19T16:16:52.986] [DEBUG] cheese - admin
[2023-03-19T16:16:52.990] [DEBUG] cheese - null
[2023-03-19T16:16:52.990] [DEBUG] cheese - null
[2023-03-19T16:16:53.495] [DEBUG] cheese - login => username:admin,password:123456
[2023-03-19T16:16:53.495] [DEBUG] cheese - admin
[2023-03-19T16:16:53.498] [DEBUG] cheese - null
[2023-03-19T16:16:53.498] [DEBUG] cheese - null
[2023-03-19T16:16:54.090] [DEBUG] cheese - login => username:admin,password:123456
[2023-03-19T16:16:54.090] [DEBUG] cheese - admin
[2023-03-19T16:16:54.093] [DEBUG] cheese - null
[2023-03-19T16:16:54.093] [DEBUG] cheese - null
[2023-03-19T16:16:54.719] [DEBUG] cheese - login => username:admin,password:123456
[2023-03-19T16:16:54.719] [DEBUG] cheese - admin
[2023-03-19T16:16:54.721] [DEBUG] cheese - null
[2023-03-19T16:16:54.721] [DEBUG] cheese - null
[2023-03-19T16:16:55.348] [DEBUG] cheese - login => username:admin,password:123456
[2023-03-19T16:16:55.348] [DEBUG] cheese - admin
[2023-03-19T16:16:55.350] [DEBUG] cheese - null
[2023-03-19T16:16:55.350] [DEBUG] cheese - null
[2023-03-19T16:16:55.975] [DEBUG] cheese - login => username:admin,password:123456
[2023-03-19T16:16:55.976] [DEBUG] cheese - admin
[2023-03-19T16:16:55.978] [DEBUG] cheese - null
[2023-03-19T16:16:55.978] [DEBUG] cheese - null
[2023-03-19T16:16:56.875] [DEBUG] cheese - login => username:admin,password:123456
[2023-03-19T16:16:56.875] [DEBUG] cheese - admin
[2023-03-19T16:16:56.878] [DEBUG] cheese - null
[2023-03-19T16:16:56.878] [DEBUG] cheese - null
[2023-03-19T16:16:57.477] [DEBUG] cheese - login => username:admin,password:123456
[2023-03-19T16:16:57.477] [DEBUG] cheese - admin
[2023-03-19T16:16:57.480] [DEBUG] cheese - null
[2023-03-19T16:16:57.480] [DEBUG] cheese - null
[2023-03-19T16:16:58.112] [DEBUG] cheese - login => username:admin,password:123456
[2023-03-19T16:16:58.112] [DEBUG] cheese - admin
[2023-03-19T16:16:58.114] [DEBUG] cheese - null
[2023-03-19T16:16:58.114] [DEBUG] cheese - null
[2023-03-19T16:16:58.779] [DEBUG] cheese - login => username:admin,password:123456
[2023-03-19T16:16:58.779] [DEBUG] cheese - admin
[2023-03-19T16:16:58.780] [DEBUG] cheese - null
[2023-03-19T16:16:58.781] [DEBUG] cheese - null
[2023-03-19T16:16:59.380] [DEBUG] cheese - login => username:admin,password:123456
[2023-03-19T16:16:59.380] [DEBUG] cheese - admin
[2023-03-19T16:16:59.382] [DEBUG] cheese - null
[2023-03-19T16:16:59.382] [DEBUG] cheese - null
[2023-03-19T17:53:14.262] [DEBUG] cheese - login => username:admin,password:123456
[2023-03-19T17:53:14.262] [DEBUG] cheese - admin
[2023-03-19T17:53:14.269] [DEBUG] cheese - null
[2023-03-19T17:53:14.269] [DEBUG] cheese - null
[2023-03-19T17:53:24.286] [DEBUG] cheese - login => username:admin1,password:123456
[2023-03-19T17:53:24.286] [DEBUG] cheese - admin1
[2023-03-19T17:53:24.287] [DEBUG] cheese - null
[2023-03-19T17:53:24.288] [DEBUG] cheese - null
[2023-03-19T17:53:59.647] [DEBUG] cheese - login => username:11111,password:11111
[2023-03-19T17:53:59.647] [DEBUG] cheese - 11111
[2023-03-19T17:53:59.649] [DEBUG] cheese - null
[2023-03-19T17:53:59.649] [DEBUG] cheese - null
[2023-03-19T17:54:37.509] [DEBUG] cheese - login => username:123123,password:123123
[2023-03-19T17:54:37.509] [DEBUG] cheese - 123123
[2023-03-19T17:54:37.511] [DEBUG] cheese - null
[2023-03-19T17:54:37.511] [DEBUG] cheese - null
[2023-03-19T17:55:06.220] [DEBUG] cheese - login => username:111,password:111
[2023-03-19T17:55:06.220] [DEBUG] cheese - 111
[2023-03-19T17:55:06.222] [DEBUG] cheese - null
[2023-03-19T17:55:06.222] [DEBUG] cheese - null
[2023-03-19T17:55:28.662] [DEBUG] cheese - login => username:12321,password:123123
[2023-03-19T17:55:28.662] [DEBUG] cheese - 12321
[2023-03-19T17:55:28.663] [DEBUG] cheese - null
[2023-03-19T17:55:28.663] [DEBUG] cheese - null
[2023-03-19T17:55:41.726] [DEBUG] cheese - login => username:1233,password:123312
[2023-03-19T17:55:41.726] [DEBUG] cheese - 1233
[2023-03-19T17:55:41.729] [DEBUG] cheese - null
[2023-03-19T17:55:41.729] [DEBUG] cheese - null
[2023-03-19T17:55:48.183] [DEBUG] cheese - login => username:123312312,password:1233123
[2023-03-19T17:55:48.183] [DEBUG] cheese - 123312312
[2023-03-19T17:55:48.184] [DEBUG] cheese - null
[2023-03-19T17:55:48.184] [DEBUG] cheese - null
[2023-03-19T17:56:57.698] [DEBUG] cheese - login => username:2131,password:123
[2023-03-19T17:56:57.698] [DEBUG] cheese - 2131
[2023-03-19T17:56:57.700] [DEBUG] cheese - null
[2023-03-19T17:56:57.701] [DEBUG] cheese - null
[2023-03-19T17:56:59.355] [DEBUG] cheese - login => username:2131,password:123
[2023-03-19T17:56:59.355] [DEBUG] cheese - 2131
[2023-03-19T17:56:59.357] [DEBUG] cheese - null
[2023-03-19T17:56:59.357] [DEBUG] cheese - null
[2023-03-19T17:57:19.693] [DEBUG] cheese - login => username:123213,password:123123
[2023-03-19T17:57:19.693] [DEBUG] cheese - 123213
[2023-03-19T17:57:19.695] [DEBUG] cheese - null
[2023-03-19T17:57:19.695] [DEBUG] cheese - null
[2023-03-19T17:57:20.372] [DEBUG] cheese - login => username:123213,password:123123
[2023-03-19T17:57:20.372] [DEBUG] cheese - 123213
[2023-03-19T17:57:20.374] [DEBUG] cheese - null
[2023-03-19T17:57:20.374] [DEBUG] cheese - null
[2023-03-19T17:57:35.321] [DEBUG] cheese - login => username:2132,password:123
[2023-03-19T17:57:35.321] [DEBUG] cheese - 2132
[2023-03-19T17:57:35.323] [DEBUG] cheese - null
[2023-03-19T17:57:35.323] [DEBUG] cheese - null
[2023-03-19T17:57:37.184] [DEBUG] cheese - login => username:2132213,password:123
[2023-03-19T17:57:37.185] [DEBUG] cheese - 2132213
[2023-03-19T17:57:37.186] [DEBUG] cheese - null
[2023-03-19T17:57:37.186] [DEBUG] cheese - null
[2023-03-19T17:57:38.037] [DEBUG] cheese - login => username:2132213,password:123123
[2023-03-19T17:57:38.037] [DEBUG] cheese - 2132213
[2023-03-19T17:57:38.038] [DEBUG] cheese - null
[2023-03-19T17:57:38.038] [DEBUG] cheese - null
[2023-03-19T17:57:49.524] [DEBUG] cheese - login => username:123,password:123
[2023-03-19T17:57:49.524] [DEBUG] cheese - 123
[2023-03-19T17:57:49.527] [DEBUG] cheese - null
[2023-03-19T17:57:49.527] [DEBUG] cheese - null
[2023-03-19T17:57:57.323] [DEBUG] cheese - login => username:213213,password:123213
[2023-03-19T17:57:57.323] [DEBUG] cheese - 213213
[2023-03-19T17:57:57.325] [DEBUG] cheese - null
[2023-03-19T17:57:57.325] [DEBUG] cheese - null
[2023-03-19T17:58:27.792] [DEBUG] cheese - login => username:123123,password:123123
[2023-03-19T17:58:27.792] [DEBUG] cheese - 123123
[2023-03-19T17:58:27.795] [DEBUG] cheese - null
[2023-03-19T17:58:27.795] [DEBUG] cheese - null
[2023-03-19T17:58:46.287] [DEBUG] cheese - login => username:213123,password:123123
[2023-03-19T17:58:46.287] [DEBUG] cheese - 213123
[2023-03-19T17:58:46.288] [DEBUG] cheese - null
[2023-03-19T17:58:46.288] [DEBUG] cheese - null
[2023-03-19T17:58:47.375] [DEBUG] cheese - login => username:213123,password:123123
[2023-03-19T17:58:47.375] [DEBUG] cheese - 213123
[2023-03-19T17:58:47.376] [DEBUG] cheese - null
[2023-03-19T17:58:47.376] [DEBUG] cheese - null
[2023-03-19T17:58:47.544] [DEBUG] cheese - login => username:213123,password:123123
[2023-03-19T17:58:47.544] [DEBUG] cheese - 213123
[2023-03-19T17:58:47.546] [DEBUG] cheese - null
[2023-03-19T17:58:47.546] [DEBUG] cheese - null
[2023-03-19T17:58:47.715] [DEBUG] cheese - login => username:213123,password:123123
[2023-03-19T17:58:47.715] [DEBUG] cheese - 213123
[2023-03-19T17:58:47.718] [DEBUG] cheese - null
[2023-03-19T17:58:47.718] [DEBUG] cheese - null
[2023-03-19T17:58:47.905] [DEBUG] cheese - login => username:213123,password:123123
[2023-03-19T17:58:47.906] [DEBUG] cheese - 213123
[2023-03-19T17:58:47.907] [DEBUG] cheese - null
[2023-03-19T17:58:47.907] [DEBUG] cheese - null
[2023-03-19T17:58:48.067] [DEBUG] cheese - login => username:213123,password:123123
[2023-03-19T17:58:48.067] [DEBUG] cheese - 213123
[2023-03-19T17:58:48.069] [DEBUG] cheese - null
[2023-03-19T17:58:48.069] [DEBUG] cheese - null
[2023-03-19T17:59:02.173] [DEBUG] cheese - login => username:21312,password:12312
[2023-03-19T17:59:02.173] [DEBUG] cheese - 21312
[2023-03-19T17:59:02.175] [DEBUG] cheese - null
[2023-03-19T17:59:02.175] [DEBUG] cheese - null
[2023-03-19T17:59:19.097] [DEBUG] cheese - login => username:21312,password:312312
[2023-03-19T17:59:19.097] [DEBUG] cheese - 21312
[2023-03-19T17:59:19.099] [DEBUG] cheese - null
[2023-03-19T17:59:19.099] [DEBUG] cheese - null
[2023-03-19T17:59:29.277] [DEBUG] cheese - login => username:123123,password:123123
[2023-03-19T17:59:29.277] [DEBUG] cheese - 123123
[2023-03-19T17:59:29.278] [DEBUG] cheese - null
[2023-03-19T17:59:29.278] [DEBUG] cheese - null
[2023-03-19T17:59:51.284] [DEBUG] cheese - login => username:123123,password:123123
[2023-03-19T17:59:51.284] [DEBUG] cheese - 123123
[2023-03-19T17:59:51.285] [DEBUG] cheese - null
[2023-03-19T17:59:51.286] [DEBUG] cheese - null
[2023-03-19T18:00:14.073] [DEBUG] cheese - login => username:11111,password:111
[2023-03-19T18:00:14.073] [DEBUG] cheese - 11111
[2023-03-19T18:00:14.075] [DEBUG] cheese - null
[2023-03-19T18:00:14.075] [DEBUG] cheese - null
[2023-03-19T18:02:44.862] [DEBUG] cheese - login => username:11111,password:111111
[2023-03-19T18:02:44.862] [DEBUG] cheese - 11111
[2023-03-19T18:02:44.864] [DEBUG] cheese - null
[2023-03-19T18:02:44.864] [DEBUG] cheese - null
[2023-03-19T18:03:04.213] [DEBUG] cheese - login => username:123213,password:213123
[2023-03-19T18:03:04.213] [DEBUG] cheese - 123213
[2023-03-19T18:03:04.214] [DEBUG] cheese - null
[2023-03-19T18:03:04.215] [DEBUG] cheese - null
[2023-03-19T18:03:10.783] [DEBUG] cheese - login => username:admin,password:123456
[2023-03-19T18:03:10.783] [DEBUG] cheese - admin
[2023-03-19T18:03:10.785] [DEBUG] cheese - null
[2023-03-19T18:03:10.785] [DEBUG] cheese - null
[2023-03-19T18:06:01.422] [DEBUG] cheese - login => username:admin,password:123456
[2023-03-19T18:06:01.422] [DEBUG] cheese - admin
[2023-03-19T18:06:01.424] [DEBUG] cheese - null
[2023-03-19T18:06:01.424] [DEBUG] cheese - null
[2023-03-19T18:06:39.672] [DEBUG] cheese - login => username:admin,password:123456
[2023-03-19T18:06:39.672] [DEBUG] cheese - admin
[2023-03-19T18:06:39.674] [DEBUG] cheese - null
[2023-03-19T18:06:39.674] [DEBUG] cheese - null
[2023-03-19T18:06:40.253] [DEBUG] cheese - login => username:admin,password:123456
[2023-03-19T18:06:40.253] [DEBUG] cheese - admin
[2023-03-19T18:06:40.255] [DEBUG] cheese - null
[2023-03-19T18:06:40.255] [DEBUG] cheese - null
[2023-03-19T18:06:40.431] [DEBUG] cheese - login => username:admin,password:123456
[2023-03-19T18:06:40.431] [DEBUG] cheese - admin
[2023-03-19T18:06:40.433] [DEBUG] cheese - null
[2023-03-19T18:06:40.433] [DEBUG] cheese - null
[2023-03-19T18:06:40.600] [DEBUG] cheese - login => username:admin,password:123456
[2023-03-19T18:06:40.600] [DEBUG] cheese - admin
[2023-03-19T18:06:40.602] [DEBUG] cheese - null
[2023-03-19T18:06:40.603] [DEBUG] cheese - null
[2023-03-19T18:06:40.764] [DEBUG] cheese - login => username:admin,password:123456
[2023-03-19T18:06:40.764] [DEBUG] cheese - admin
[2023-03-19T18:06:40.766] [DEBUG] cheese - null
[2023-03-19T18:06:40.766] [DEBUG] cheese - null
[2023-03-19T18:06:40.897] [DEBUG] cheese - login => username:admin,password:123456
[2023-03-19T18:06:40.897] [DEBUG] cheese - admin
[2023-03-19T18:06:40.900] [DEBUG] cheese - null
[2023-03-19T18:06:40.900] [DEBUG] cheese - null
[2023-03-19T18:06:59.939] [DEBUG] cheese - login => username:admin,password:123456
[2023-03-19T18:06:59.939] [DEBUG] cheese - admin
[2023-03-19T18:06:59.941] [DEBUG] cheese - null
[2023-03-19T18:06:59.941] [DEBUG] cheese - null
[2023-03-19T18:07:20.728] [DEBUG] cheese - login => username:admin1,password:123456
[2023-03-19T18:07:20.728] [DEBUG] cheese - admin1
[2023-03-19T18:07:20.729] [DEBUG] cheese - null
[2023-03-19T18:07:20.729] [DEBUG] cheese - null
[2023-03-19T18:11:35.103] [DEBUG] cheese - login => username:213,password:123
[2023-03-19T18:11:35.103] [DEBUG] cheese - 213
[2023-03-19T18:11:35.105] [DEBUG] cheese - null
[2023-03-19T18:11:35.105] [DEBUG] cheese - null
[2023-03-19T18:11:35.880] [DEBUG] cheese - login => username:213,password:123
[2023-03-19T18:11:35.880] [DEBUG] cheese - 213
[2023-03-19T18:11:35.881] [DEBUG] cheese - null
[2023-03-19T18:11:35.882] [DEBUG] cheese - null
[2023-03-19T18:11:36.067] [DEBUG] cheese - login => username:213,password:123
[2023-03-19T18:11:36.068] [DEBUG] cheese - 213
[2023-03-19T18:11:36.070] [DEBUG] cheese - null
[2023-03-19T18:11:36.070] [DEBUG] cheese - null
[2023-03-19T18:12:10.590] [DEBUG] cheese - login => username:213,password:123
[2023-03-19T18:12:10.590] [DEBUG] cheese - 213
[2023-03-19T18:12:10.592] [DEBUG] cheese - null
[2023-03-19T18:12:10.592] [DEBUG] cheese - null
[2023-03-19T18:12:18.636] [DEBUG] cheese - login => username:admin,password:123456
[2023-03-19T18:12:18.636] [DEBUG] cheese - admin
[2023-03-19T18:12:18.638] [DEBUG] cheese - null
[2023-03-19T18:12:18.638] [DEBUG] cheese - null
[2023-03-19T18:17:07.194] [DEBUG] cheese - login => username:admin,password:123456
[2023-03-19T18:17:07.194] [DEBUG] cheese - admin
[2023-03-19T18:17:07.196] [DEBUG] cheese - null
[2023-03-19T18:17:07.196] [DEBUG] cheese - null
[2023-03-19T18:18:02.264] [DEBUG] cheese - login => username:admin,password:123456
[2023-03-19T18:18:02.264] [DEBUG] cheese - admin
[2023-03-19T18:18:02.266] [DEBUG] cheese - null
[2023-03-19T18:18:02.266] [DEBUG] cheese - null
[2023-03-19T18:19:14.546] [DEBUG] cheese - login => username:admin,password:123456
[2023-03-19T18:19:14.546] [DEBUG] cheese - admin
[2023-03-19T18:19:14.548] [DEBUG] cheese - null
[2023-03-19T18:19:14.548] [DEBUG] cheese - null
[2023-03-19T18:20:43.572] [DEBUG] cheese - login => username:asdssad,password:asdasd
[2023-03-19T18:20:43.572] [DEBUG] cheese - asdssad
[2023-03-19T18:20:43.573] [DEBUG] cheese - null
[2023-03-19T18:20:43.573] [DEBUG] cheese - null
[2023-03-19T18:20:48.485] [DEBUG] cheese - login => username:admin,password:123456
[2023-03-19T18:20:48.486] [DEBUG] cheese - admin
[2023-03-19T18:20:48.489] [DEBUG] cheese - null
[2023-03-19T18:20:48.489] [DEBUG] cheese - null
[2023-03-19T18:37:57.079] [DEBUG] cheese - login => username:admin,password:12331
[2023-03-19T18:37:57.079] [DEBUG] cheese - admin
[2023-03-19T18:37:57.082] [DEBUG] cheese - null
[2023-03-19T18:37:57.082] [DEBUG] cheese - null
[2023-03-19T18:38:11.477] [DEBUG] cheese - login => username:admin,password:123456
[2023-03-19T18:38:11.477] [DEBUG] cheese - admin
[2023-03-19T18:38:11.478] [DEBUG] cheese - null
[2023-03-19T18:38:11.479] [DEBUG] cheese - null
[2023-03-19T18:38:56.381] [DEBUG] cheese - login => username:admin,password:123456
[2023-03-19T18:38:56.381] [DEBUG] cheese - admin
[2023-03-19T18:38:56.383] [DEBUG] cheese - null
[2023-03-19T18:38:56.383] [DEBUG] cheese - null
[2023-03-19T18:59:37.447] [DEBUG] cheese - login => username:admin,password:123456
[2023-03-19T18:59:37.447] [DEBUG] cheese - admin
[2023-03-19T18:59:37.449] [DEBUG] cheese - null
[2023-03-19T18:59:37.449] [DEBUG] cheese - null
[2023-03-19T19:11:13.033] [DEBUG] cheese - login => username:admin,password:123456
[2023-03-19T19:11:13.034] [DEBUG] cheese - admin
[2023-03-19T19:11:13.036] [DEBUG] cheese - null
[2023-03-19T19:11:13.036] [DEBUG] cheese - null
[2023-03-19T21:13:06.289] [DEBUG] cheese - login => username:admin,password:123456
[2023-03-19T21:13:06.290] [DEBUG] cheese - admin
[2023-03-19T21:13:06.294] [DEBUG] cheese - null
[2023-03-19T21:13:06.294] [DEBUG] cheese - null
[2023-03-19T21:14:15.983] [DEBUG] cheese - login => username:admin,password:123456
[2023-03-19T21:14:15.983] [DEBUG] cheese - admin
[2023-03-19T21:14:15.986] [DEBUG] cheese - null
[2023-03-19T21:14:15.986] [DEBUG] cheese - null
[2023-03-19T21:26:21.445] [DEBUG] cheese - login => username:admin,password:123456
[2023-03-19T21:26:21.445] [DEBUG] cheese - admin
[2023-03-19T21:26:21.447] [DEBUG] cheese - null
[2023-03-19T21:26:21.447] [DEBUG] cheese - null
[2023-03-19T21:32:06.932] [DEBUG] cheese - login => username:admin,password:123456
[2023-03-19T21:32:06.932] [DEBUG] cheese - admin
[2023-03-19T21:32:06.934] [DEBUG] cheese - null
[2023-03-19T21:32:06.934] [DEBUG] cheese - null
[2023-03-19T21:39:23.919] [DEBUG] cheese - login => username:admin,password:123456
[2023-03-19T21:39:23.919] [DEBUG] cheese - admin
[2023-03-19T21:39:23.922] [DEBUG] cheese - null
[2023-03-19T21:39:23.922] [DEBUG] cheese - null
[2023-03-19T21:39:39.430] [DEBUG] cheese - login => username:admin,password:123456
[2023-03-19T21:39:39.430] [DEBUG] cheese - admin
[2023-03-19T21:39:39.432] [DEBUG] cheese - null
[2023-03-19T21:39:39.432] [DEBUG] cheese - null
[2023-03-19T21:59:41.692] [DEBUG] cheese - login => username:admin,password:123456
[2023-03-19T21:59:41.693] [DEBUG] cheese - admin
[2023-03-19T21:59:41.694] [DEBUG] cheese - null
[2023-03-19T21:59:41.694] [DEBUG] cheese - null
[2023-03-19T22:03:23.953] [DEBUG] cheese - login => username:admin,password:123456
[2023-03-19T22:03:23.953] [DEBUG] cheese - admin
[2023-03-19T22:03:23.955] [DEBUG] cheese - null
[2023-03-19T22:03:23.955] [DEBUG] cheese - null
[2023-03-19T23:46:08.341] [DEBUG] cheese - login => username:admin,password:123456
[2023-03-19T23:46:08.341] [DEBUG] cheese - admin
[2023-03-19T23:46:08.344] [DEBUG] cheese - null
[2023-03-19T23:46:08.344] [DEBUG] cheese - null
[2023-03-19T23:48:43.244] [DEBUG] cheese - login => username:admin,password:123456
[2023-03-19T23:48:43.244] [DEBUG] cheese - admin
[2023-03-19T23:48:43.246] [DEBUG] cheese - null
[2023-03-19T23:48:43.246] [DEBUG] cheese - null
[2023-03-19T23:50:47.897] [DEBUG] cheese - login => username:admin,password:123456
[2023-03-19T23:50:47.897] [DEBUG] cheese - admin
[2023-03-19T23:50:47.900] [DEBUG] cheese - null
[2023-03-19T23:50:47.901] [DEBUG] cheese - null
[2023-03-20T00:07:53.181] [DEBUG] cheese - login => username:admin,password:123456
[2023-03-20T00:07:53.181] [DEBUG] cheese - admin
[2023-03-20T00:07:53.184] [DEBUG] cheese - null
[2023-03-20T00:07:53.184] [DEBUG] cheese - null
[2023-03-20T15:20:41.306] [DEBUG] cheese - login => username:admin,password:123456
[2023-03-20T15:20:41.307] [DEBUG] cheese - admin
[2023-03-20T15:20:41.315] [DEBUG] cheese - null
[2023-03-20T15:20:41.316] [DEBUG] cheese - null
[2023-03-20T15:42:15.189] [DEBUG] cheese - login => username:admin,password:123456
[2023-03-20T15:42:15.189] [DEBUG] cheese - admin
[2023-03-20T15:42:15.192] [DEBUG] cheese - null
[2023-03-20T15:42:15.192] [DEBUG] cheese - null
[2023-03-20T15:45:48.849] [DEBUG] cheese - login => username:admin,password:123456
[2023-03-20T15:45:48.850] [DEBUG] cheese - admin
[2023-03-20T15:45:48.853] [DEBUG] cheese - null
[2023-03-20T15:45:48.853] [DEBUG] cheese - null
[2023-03-20T15:47:53.427] [DEBUG] cheese - login => username:admin,password:123456
[2023-03-20T15:47:53.427] [DEBUG] cheese - admin
[2023-03-20T15:47:53.429] [DEBUG] cheese - null
[2023-03-20T15:47:53.430] [DEBUG] cheese - null
[2023-03-20T15:50:08.124] [DEBUG] cheese - login => username:admin,password:123456
[2023-03-20T15:50:08.124] [DEBUG] cheese - admin
[2023-03-20T15:50:08.127] [DEBUG] cheese - null
[2023-03-20T15:50:08.127] [DEBUG] cheese - null
[2023-03-20T15:54:17.963] [DEBUG] cheese - login => username:admin,password:123456
[2023-03-20T15:54:17.963] [DEBUG] cheese - admin
[2023-03-20T15:54:17.966] [DEBUG] cheese - null
[2023-03-20T15:54:17.966] [DEBUG] cheese - null
[2023-03-20T15:55:23.720] [DEBUG] cheese - login => username:admin,password:123456
[2023-03-20T15:55:23.720] [DEBUG] cheese - admin
[2023-03-20T15:55:23.723] [DEBUG] cheese - null
[2023-03-20T15:55:23.723] [DEBUG] cheese - null
[2023-03-20T16:02:12.573] [DEBUG] cheese - login => username:admin,password:123456
[2023-03-20T16:02:12.573] [DEBUG] cheese - admin
[2023-03-20T16:02:12.575] [DEBUG] cheese - null
[2023-03-20T16:02:12.575] [DEBUG] cheese - null
[2023-03-20T16:15:34.327] [DEBUG] cheese - login => username:admin,password:123456
[2023-03-20T16:15:34.327] [DEBUG] cheese - admin
[2023-03-20T16:15:34.330] [DEBUG] cheese - null
[2023-03-20T16:15:34.330] [DEBUG] cheese - null
[2023-03-20T16:25:53.334] [DEBUG] cheese - login => username:admin,password:123456
[2023-03-20T16:25:53.335] [DEBUG] cheese - admin
[2023-03-20T16:25:53.337] [DEBUG] cheese - null
[2023-03-20T16:25:53.337] [DEBUG] cheese - null
[2023-03-20T16:26:48.925] [DEBUG] cheese - login => username:admin,password:123465
[2023-03-20T16:26:48.925] [DEBUG] cheese - admin
[2023-03-20T16:26:48.928] [DEBUG] cheese - null
[2023-03-20T16:26:48.928] [DEBUG] cheese - null
[2023-03-20T16:26:53.747] [DEBUG] cheese - login => username:admin,password:123456
[2023-03-20T16:26:53.747] [DEBUG] cheese - admin
[2023-03-20T16:26:53.749] [DEBUG] cheese - null
[2023-03-20T16:26:53.749] [DEBUG] cheese - null
[2023-03-20T16:55:35.073] [DEBUG] cheese - login => username:admin,password:123456
[2023-03-20T16:55:35.073] [DEBUG] cheese - admin
[2023-03-20T16:55:35.076] [DEBUG] cheese - null
[2023-03-20T16:55:35.076] [DEBUG] cheese - null
[2023-03-20T17:09:30.265] [DEBUG] cheese - login => username:admin,password:123456
[2023-03-20T17:09:30.265] [DEBUG] cheese - admin
[2023-03-20T17:09:30.269] [DEBUG] cheese - null
[2023-03-20T17:09:30.269] [DEBUG] cheese - null
[2023-03-20T19:34:21.460] [DEBUG] cheese - login => username:admin,password:123456
[2023-03-20T19:34:21.460] [DEBUG] cheese - admin
[2023-03-20T19:34:21.463] [DEBUG] cheese - null
[2023-03-20T19:34:21.463] [DEBUG] cheese - null
[2023-03-20T19:51:30.438] [DEBUG] cheese - login => username:admin,password:123456
[2023-03-20T19:51:30.438] [DEBUG] cheese - admin
[2023-03-20T19:51:30.440] [DEBUG] cheese - null
[2023-03-20T19:51:30.440] [DEBUG] cheese - null
[2023-03-20T19:52:08.175] [DEBUG] cheese - login => username:admin,password:123456
[2023-03-20T19:52:08.175] [DEBUG] cheese - admin
[2023-03-20T19:52:08.177] [DEBUG] cheese - null
[2023-03-20T19:52:08.177] [DEBUG] cheese - null
[2023-03-20T19:52:42.975] [DEBUG] cheese - login => username:admin,password:123456
[2023-03-20T19:52:42.975] [DEBUG] cheese - admin
[2023-03-20T19:52:42.977] [DEBUG] cheese - null
[2023-03-20T19:52:42.977] [DEBUG] cheese - null
[2023-03-20T19:56:47.843] [DEBUG] cheese - login => username:admin,password:123456
[2023-03-20T19:56:47.843] [DEBUG] cheese - admin
[2023-03-20T19:56:47.846] [DEBUG] cheese - null
[2023-03-20T19:56:47.846] [DEBUG] cheese - null
[2023-03-20T19:59:03.647] [DEBUG] cheese - login => username:admin,password:123456
[2023-03-20T19:59:03.647] [DEBUG] cheese - admin
[2023-03-20T19:59:03.649] [DEBUG] cheese - null
[2023-03-20T19:59:03.649] [DEBUG] cheese - null
[2023-03-22T23:01:09.036] [DEBUG] cheese - login => username:admin,password:123456
[2023-03-22T23:01:09.038] [DEBUG] cheese - admin
[2023-03-22T23:01:09.067] [DEBUG] cheese - null
[2023-03-22T23:01:09.068] [DEBUG] cheese - null
[2023-03-22T23:12:46.967] [DEBUG] cheese - null
[2023-03-22T23:12:50.524] [DEBUG] cheese - null
[2023-03-22T23:13:01.153] [DEBUG] cheese - null
[2023-03-22T23:13:30.020] [DEBUG] cheese - null
[2023-03-22T23:13:35.739] [DEBUG] cheese - null
[2023-03-22T23:13:36.760] [DEBUG] cheese - null
[2023-03-22T23:13:39.296] [DEBUG] cheese - null
[2023-03-22T23:14:06.342] [DEBUG] cheese - null
[2023-03-22T23:14:10.439] [DEBUG] cheese - null
[2023-03-22T23:14:19.172] [DEBUG] cheese - null
[2023-03-22T23:14:57.996] [DEBUG] cheese - null
[2023-03-22T23:16:09.784] [DEBUG] cheese - null
[2023-03-22T23:16:22.670] [DEBUG] cheese - null
[2023-03-22T23:17:16.259] [DEBUG] cheese - null
[2023-03-22T23:17:43.461] [DEBUG] cheese - null
[2023-03-22T23:18:25.205] [DEBUG] cheese - null
[2023-03-22T23:18:34.014] [DEBUG] cheese - null
[2023-03-22T23:19:07.650] [DEBUG] cheese - null
[2023-03-22T23:19:54.668] [DEBUG] cheese - null
[2023-03-22T23:20:42.880] [DEBUG] cheese - null
[2023-03-22T23:21:39.886] [DEBUG] cheese - null
[2023-03-22T23:21:45.202] [DEBUG] cheese - null
[2023-03-22T23:41:55.545] [DEBUG] cheese - login => username:admin,password:123456
[2023-03-22T23:41:55.545] [DEBUG] cheese - admin
[2023-03-22T23:41:55.548] [DEBUG] cheese - null
[2023-03-22T23:41:55.549] [DEBUG] cheese - null
[2023-03-22T23:54:19.401] [DEBUG] cheese - login => username:admin,password:123456
[2023-03-22T23:54:19.401] [DEBUG] cheese - admin
[2023-03-22T23:54:19.403] [DEBUG] cheese - null
[2023-03-22T23:54:19.404] [DEBUG] cheese - null
[2023-03-23T16:28:46.036] [DEBUG] cheese - login => username:admin,password:123456
[2023-03-23T16:28:46.037] [DEBUG] cheese - admin
[2023-03-23T16:28:46.048] [DEBUG] cheese - null
[2023-03-23T16:28:46.049] [DEBUG] cheese - null
[2023-03-23T16:45:42.350] [DEBUG] cheese - login => username:admin,password:123456
[2023-03-23T16:45:42.350] [DEBUG] cheese - admin
[2023-03-23T16:45:42.353] [DEBUG] cheese - null
[2023-03-23T16:45:42.353] [DEBUG] cheese - null
[2023-03-23T16:59:19.063] [DEBUG] cheese - login => username:admin,password:123456
[2023-03-23T16:59:19.064] [DEBUG] cheese - admin
[2023-03-23T16:59:19.068] [DEBUG] cheese - null
[2023-03-23T16:59:19.068] [DEBUG] cheese - null
[2023-03-23T17:15:35.484] [DEBUG] cheese - login => username:admin',password:21我说的
[2023-03-23T17:15:35.484] [DEBUG] cheese - admin'
[2023-03-23T17:15:35.486] [DEBUG] cheese - null
[2023-03-23T17:15:35.486] [DEBUG] cheese - null
[2023-03-23T17:15:39.972] [DEBUG] cheese - login => username:admin,password:123456
[2023-03-23T17:15:39.972] [DEBUG] cheese - admin
[2023-03-23T17:15:39.975] [DEBUG] cheese - null
[2023-03-23T17:15:39.975] [DEBUG] cheese - null
[2023-03-23T17:34:09.416] [DEBUG] cheese - login => username:admin,password:123456
[2023-03-23T17:34:09.416] [DEBUG] cheese - admin
[2023-03-23T17:34:09.420] [DEBUG] cheese - null
[2023-03-23T17:34:09.420] [DEBUG] cheese - null
[2023-03-23T17:36:03.345] [DEBUG] cheese - login => username:admin,password:123456
[2023-03-23T17:36:03.345] [DEBUG] cheese - admin
[2023-03-23T17:36:03.347] [DEBUG] cheese - null
[2023-03-23T17:36:03.347] [DEBUG] cheese - null
[2023-03-23T18:24:22.144] [DEBUG] cheese - login => username:admin,password:123456
[2023-03-23T18:24:22.144] [DEBUG] cheese - admin
[2023-03-23T18:24:22.146] [DEBUG] cheese - null
[2023-03-23T18:24:22.146] [DEBUG] cheese - null
[2023-03-23T18:25:12.588] [DEBUG] cheese - login => username:admin,password:123456
[2023-03-23T18:25:12.589] [DEBUG] cheese - admin
[2023-03-23T18:25:12.591] [DEBUG] cheese - null
[2023-03-23T18:25:12.591] [DEBUG] cheese - null
[2023-03-23T18:26:59.153] [DEBUG] cheese - login => username:admin,password:123456
[2023-03-23T18:26:59.154] [DEBUG] cheese - admin
[2023-03-23T18:26:59.159] [DEBUG] cheese - null
[2023-03-23T18:26:59.159] [DEBUG] cheese - null
[2023-03-23T19:06:10.293] [DEBUG] cheese - login => username:admin,password:123456
[2023-03-23T19:06:10.293] [DEBUG] cheese - admin
[2023-03-23T19:06:10.296] [DEBUG] cheese - null
[2023-03-23T19:06:10.296] [DEBUG] cheese - null
[2023-03-23T19:31:22.884] [DEBUG] cheese - login => username:admin,password:123456
[2023-03-23T19:31:22.884] [DEBUG] cheese - admin
[2023-03-23T19:31:22.888] [DEBUG] cheese - null
[2023-03-23T19:31:22.888] [DEBUG] cheese - null
[2023-03-23T20:50:06.355] [DEBUG] cheese - login => username:admin,password:123456
[2023-03-23T20:50:06.355] [DEBUG] cheese - admin
[2023-03-23T20:50:06.360] [DEBUG] cheese - null
[2023-03-23T20:50:06.361] [DEBUG] cheese - null
[2023-03-23T21:23:31.397] [DEBUG] cheese - login => username:admin,password:123456
[2023-03-23T21:23:31.398] [DEBUG] cheese - admin
[2023-03-23T21:23:31.401] [DEBUG] cheese - null
[2023-03-23T21:23:31.401] [DEBUG] cheese - null
[2023-03-23T22:26:28.209] [DEBUG] cheese - login => username:admin,password:123456
[2023-03-23T22:26:28.210] [DEBUG] cheese - admin
[2023-03-23T22:26:28.214] [DEBUG] cheese - null
[2023-03-23T22:26:28.215] [DEBUG] cheese - null
[2023-03-23T22:34:14.329] [DEBUG] cheese - login => username:admin,password:123456
[2023-03-23T22:34:14.330] [DEBUG] cheese - admin
[2023-03-23T22:34:14.333] [DEBUG] cheese - null
[2023-03-23T22:34:14.334] [DEBUG] cheese - null
[2023-03-23T23:30:45.628] [DEBUG] cheese - login => username:admin,password:123456
[2023-03-23T23:30:45.629] [DEBUG] cheese - admin
[2023-03-23T23:30:45.633] [DEBUG] cheese - null
[2023-03-23T23:30:45.633] [DEBUG] cheese - null
[2023-03-24T16:17:58.271] [DEBUG] cheese - login => username:admin,password:123465
[2023-03-24T16:17:58.272] [DEBUG] cheese - admin
[2023-03-24T16:17:58.281] [DEBUG] cheese - null
[2023-03-24T16:17:58.282] [DEBUG] cheese - null
[2023-03-24T16:18:03.453] [DEBUG] cheese - login => username:admin,password:123456
[2023-03-24T16:18:03.453] [DEBUG] cheese - admin
[2023-03-24T16:18:03.456] [DEBUG] cheese - null
[2023-03-24T16:18:03.456] [DEBUG] cheese - null
[2023-03-24T16:51:21.991] [DEBUG] cheese - login => username:admin,password:123456
[2023-03-24T16:51:21.992] [DEBUG] cheese - admin
[2023-03-24T16:51:21.996] [DEBUG] cheese - null
[2023-03-24T16:51:21.997] [DEBUG] cheese - null
[2023-03-24T17:04:24.300] [DEBUG] cheese - login => username:admin,password:123456
[2023-03-24T17:04:24.302] [DEBUG] cheese - admin
[2023-03-24T17:04:24.305] [DEBUG] cheese - null
[2023-03-24T17:04:24.306] [DEBUG] cheese - null
[2023-03-24T17:36:06.790] [DEBUG] cheese - login => username:admin,password:123456
[2023-03-24T17:36:06.792] [DEBUG] cheese - admin
[2023-03-24T17:36:06.798] [DEBUG] cheese - null
[2023-03-24T17:36:06.799] [DEBUG] cheese - null
[2023-03-24T21:16:51.950] [DEBUG] cheese - login => username:admin,password:123456
[2023-03-24T21:16:51.954] [DEBUG] cheese - admin
[2023-03-24T21:16:51.967] [DEBUG] cheese - null
[2023-03-24T21:16:51.968] [DEBUG] cheese - null
[2023-03-24T21:32:09.481] [DEBUG] cheese - login => username:admin,password:123456
[2023-03-24T21:32:09.481] [DEBUG] cheese - admin
[2023-03-24T21:32:09.483] [DEBUG] cheese - null
[2023-03-24T21:32:09.483] [DEBUG] cheese - null
[2023-03-24T21:34:29.268] [DEBUG] cheese - login => username:admin,password:123456
[2023-03-24T21:34:29.268] [DEBUG] cheese - admin
[2023-03-24T21:34:29.271] [DEBUG] cheese - null
[2023-03-24T21:34:29.271] [DEBUG] cheese - null
[2023-03-24T21:42:19.425] [DEBUG] cheese - login => username:admin,password:123456
[2023-03-24T21:42:19.425] [DEBUG] cheese - admin
[2023-03-24T21:42:19.429] [DEBUG] cheese - null
[2023-03-24T21:42:19.429] [DEBUG] cheese - null
